0	1	mikrocAVR.exe -MSF -DBG -pATMEGA8A -RA -DL -SSA -O11111114 -fo8 -N"C:\Users\V\Desktop\Code\MyProject.mcpav" -BOOTSZ1024 -BOOTOP0 -SP"C:\Users\Public\Documents\Mikroelektronika\mikroC PRO for AVR\defs\" -SP"C:\Users\Public\Documents\Mikroelektronika\mikroC PRO for AVR\uses\lte64kw\" -SP"C:\Users\V\Desktop\Code\" "MyProject.c" "__Lib_Math.mcl" "__Lib_MathDouble.mcl" "__Lib_System.mcl" "__Lib_Delays.mcl" "__Lib_CType.mcl" "__Lib_CString.mcl" "__Lib_CStdlib.mcl" "__Lib_CMath.mcl" "__Lib_MemManager.mcl" "__Lib_Conversions.mcl" "__Lib_Time.mcl" "__Lib_Trigonometry.mcl" "__Lib_Button.mcl" "__Lib_Keypad4x4.mcl" "__Lib_Manchester.mcl" "__Lib_OneWire.mcl" "__Lib_PS2.mcl" "__Lib_Sound.mcl" "__Lib_SoftI2C.mcl" "__Lib_SoftSPI.mcl" "__Lib_SoftUART.mcl" "__Lib_ADC.mcl" "__Lib_EEPROM_eew.mcl" "__Lib_FLASH_rwe.mcl" "__Lib_PWM1_2_presc.mcl" "__Lib_PWM16bit_12.mcl" "__Lib_SPI_b5432_x2.mcl" "__Lib_TWI.mcl" "__Lib_UART_d01_ursel.mcl" "__Lib_PortExpander.mcl" "__Lib_CANSPI.mcl" "__Lib_CF.mcl" "__Lib_GlcdFonts.mcl" "__Lib_Glcd.mcl" "__Lib_LcdConsts.mcl" "__Lib_Lcd.mcl" "__Lib_Mmc.mcl" "__Lib_RS485.mcl" "__Lib_S1D13700.mcl" "__Lib_T6963C.mcl" "__Lib_SPIGlcd.mcl" "__Lib_SPILcd.mcl" "__Lib_SPILcd8.mcl" "__Lib_SPIT6963C.mcl" "__Lib_TouchPanel.mcl"	 
diagnostics: 0	122	Compilation Started	ATMEGA8A.c
diagnostics: 1063	123	Compiled Successfully	ATMEGA8A.c
diagnostics: 0	122	Compilation Started	__Lib_Delays.c
diagnostics: 170	123	Compiled Successfully	__Lib_Delays.c
diagnostics: 0	122	Compilation Started	__Lib_MemManager.c
warning: 34	1508	Implicit conversion of int to ptr	__Lib_MemManager.c
hint: 107	1163	Variable 'tryIt' has been declared, but not used	__Lib_MemManager.c
hint: 108	1163	Variable 'j' has been declared, but not used	__Lib_MemManager.c
hint: 109	1163	Variable 'addr' has been declared, but not used	__Lib_MemManager.c
hint: 109	1163	Variable 'lsize' has been declared, but not used	__Lib_MemManager.c
diagnostics: 233	123	Compiled Successfully	__Lib_MemManager.c
diagnostics: 0	126	All files Preprocessed in 15 ms	 
diagnostics: 0	122	Compilation Started	MyProject.c
hint: 0	1004	interrupt handler (vSerialRx_ISR at 0x000B)	MyProject.c
hint: 0	1004	interrupt handler (vTimer1_ISR at 0x0008)	MyProject.c
diagnostics: 326	123	Compiled Successfully	MyProject.c
diagnostics: 0	127	All files Compiled in 47 ms	 
hint: 0	1144	Used RX (bytes): 15 (47%)   Free RX (bytes): 17 (53%)	Used RX (bytes): 15 (47%)   Free RX (bytes): 17 (53%)
hint: 0	1144	Static RAM (bytes): 33   Dynamic RAM (bytes): 990	Static RAM (bytes): 33   Dynamic RAM (bytes): 990
hint: 0	1144	Used ROM (bytes): 694 (11%)  Free ROM (bytes): 5450 (89%)	Used ROM (bytes): 694 (11%)  Free ROM (bytes): 5450 (89%)
diagnostics: 0	125	Project Linked Successfully	MyProject.mcpav
diagnostics: 0	128	Linked in 94 ms	 
diagnostics: 0	129	Project 'MyProject.mcpav' completed: 344 ms	 
diagnostics: 0	103	Finished successfully: 29 Jan 2024, 18:02:07	MyProject.mcpav
